<?xml version="1.0" encoding="UTF-8"?>
<!-- Generated by org.testng.reporters.JUnitReportReporter -->
<testsuite hostname="Piu" failures="0" tests="1" name="runners.TestRunner" time="15.080" errors="0" timestamp="2025-04-03T20:32:43 BST" skipped="0">
  <testcase classname="runners.TestRunner" name="runScenario" time="15.080"/>
</testsuite> <!-- runners.TestRunner -->
